build/app/intermediates/manifest_merge_blame_file/debug/manifest-merger-blame-debug-report.txt
1<?xml version="1.0" encoding="utf-8"?>
2<manifest xmlns:android="http://schemas.android.com/apk/res/android"
3    package="com.frontend.vending"
4    android:versionCode="1"
5    android:versionName="1.0.0" >
6
7    <uses-sdk
8        android:minSdkVersion="23"
9        android:targetSdkVersion="33" />
10    <!--
11         The INTERNET permission is required for development. Specifically,
12         the Flutter tool needs it to communicate with the running application
13         to allow setting breakpoints, to provide hot reload, etc.
14    -->
15    <uses-permission android:name="android.permission.INTERNET" />
15-->src/main/AndroidManifest.xml:5:5-66
15-->src/main/AndroidManifest.xml:5:22-64
16    <uses-permission android:name="android.permission.READ_PHONE_STATE" /> <!-- Read phone permission access -->
16-->src/main/AndroidManifest.xml:6:5-75
16-->src/main/AndroidManifest.xml:6:22-72
17    <uses-permission android:name="android.permission.ACCESS_NETWORK_STATE" />
17-->src/main/AndroidManifest.xml:7:5-79
17-->src/main/AndroidManifest.xml:7:22-76
18    <uses-permission android:name="android.permission.WRITE_EXTERNAL_STORAGE" />
18-->src/main/AndroidManifest.xml:8:5-80
18-->src/main/AndroidManifest.xml:8:22-78
19    <uses-permission android:name="android.permission.MANAGE_EXTERNAL_STORAGE" />
19-->src/main/AndroidManifest.xml:9:5-81
19-->src/main/AndroidManifest.xml:9:22-79
20    <uses-permission android:name="android.permission.READ_EXTERNAL_STORAGE" />
20-->src/main/AndroidManifest.xml:10:5-80
20-->src/main/AndroidManifest.xml:10:22-77
21    <uses-permission android:name="android.permission.READ_MEDIA_IMAGES" />
21-->src/main/AndroidManifest.xml:11:5-75
21-->src/main/AndroidManifest.xml:11:22-73
22    <uses-permission android:name="android.permission.READ_MEDIA_VIDEO" />
22-->src/main/AndroidManifest.xml:12:5-74
22-->src/main/AndroidManifest.xml:12:22-72
23    <uses-permission android:name="android.permission.CAMERA" />
23-->src/main/AndroidManifest.xml:13:5-65
23-->src/main/AndroidManifest.xml:13:22-62
24    <uses-permission android:name="android.permission.ACCESS_FINE_LOCATION" />
24-->src/main/AndroidManifest.xml:14:5-79
24-->src/main/AndroidManifest.xml:14:22-76
25    <uses-permission android:name="android.permission.ACCESS_COARSE_LOCATION" />
25-->src/main/AndroidManifest.xml:15:5-81
25-->src/main/AndroidManifest.xml:15:22-78
26    <uses-permission android:name="android.permission.SCHEDULE_EXACT_ALARM" />
26-->src/main/AndroidManifest.xml:16:5-78
26-->src/main/AndroidManifest.xml:16:22-76
27    <uses-permission android:name="android.permission.READ_PRIVILEGED_PHONE_STATE" />
27-->src/main/AndroidManifest.xml:17:5-18:43
27-->src/main/AndroidManifest.xml:17:22-83
28    <uses-permission android:name="android.permission.FOREGROUND_SERVICE" />
28-->src/main/AndroidManifest.xml:63:5-77
28-->src/main/AndroidManifest.xml:63:22-74
29    <uses-permission android:name="android.permission.RECEIVE_BOOT_COMPLETED" />
29-->[:awesome_notifications_fcm] AndroidManifest.xml:10:5-81
29-->[:awesome_notifications_fcm] AndroidManifest.xml:10:22-78
30    <uses-permission android:name="com.google.android.c2dm.permission.RECEIVE" />
30-->[:awesome_notifications_fcm] AndroidManifest.xml:11:5-82
30-->[:awesome_notifications_fcm] AndroidManifest.xml:11:22-79
31    <uses-permission android:name="android.permission.POST_NOTIFICATIONS" />
31-->[:awesome_notifications] AndroidManifest.xml:9:5-77
31-->[:awesome_notifications] AndroidManifest.xml:9:22-74
32    <uses-permission android:name="android.permission.BROADCAST_CLOSE_SYSTEM_DIALOGS" />
32-->[:awesome_notifications] AndroidManifest.xml:10:5-89
32-->[:awesome_notifications] AndroidManifest.xml:10:22-86
33    <uses-permission android:name="android.permission.VIBRATE" />
33-->[:awesome_notifications] AndroidManifest.xml:12:5-66
33-->[:awesome_notifications] AndroidManifest.xml:12:22-63
34
35    <queries>
35-->[:map_launcher] AndroidManifest.xml:9:5-25:15
36        <package android:name="com.google.android.apps.maps" />
36-->[:map_launcher] AndroidManifest.xml:10:9-64
36-->[:map_launcher] AndroidManifest.xml:10:18-61
37        <package android:name="com.google.android.apps.mapslite" />
37-->[:map_launcher] AndroidManifest.xml:11:9-68
37-->[:map_launcher] AndroidManifest.xml:11:18-65
38        <package android:name="com.autonavi.minimap" />
38-->[:map_launcher] AndroidManifest.xml:12:9-56
38-->[:map_launcher] AndroidManifest.xml:12:18-53
39        <package android:name="com.baidu.BaiduMap" />
39-->[:map_launcher] AndroidManifest.xml:13:9-54
39-->[:map_launcher] AndroidManifest.xml:13:18-51
40        <package android:name="com.waze" />
40-->[:map_launcher] AndroidManifest.xml:14:9-44
40-->[:map_launcher] AndroidManifest.xml:14:18-41
41        <package android:name="ru.yandex.yandexnavi" />
41-->[:map_launcher] AndroidManifest.xml:15:9-56
41-->[:map_launcher] AndroidManifest.xml:15:18-53
42        <package android:name="ru.yandex.yandexmaps" />
42-->[:map_launcher] AndroidManifest.xml:16:9-56
42-->[:map_launcher] AndroidManifest.xml:16:18-53
43        <package android:name="com.citymapper.app.release" />
43-->[:map_launcher] AndroidManifest.xml:17:9-62
43-->[:map_launcher] AndroidManifest.xml:17:18-59
44        <package android:name="com.mapswithme.maps.pro" />
44-->[:map_launcher] AndroidManifest.xml:18:9-59
44-->[:map_launcher] AndroidManifest.xml:18:18-56
45        <package android:name="net.osmand" />
45-->[:map_launcher] AndroidManifest.xml:19:9-46
45-->[:map_launcher] AndroidManifest.xml:19:18-43
46        <package android:name="net.osmand.plus" />
46-->[:map_launcher] AndroidManifest.xml:20:9-51
46-->[:map_launcher] AndroidManifest.xml:20:18-48
47        <package android:name="ru.dublgis.dgismobile" />
47-->[:map_launcher] AndroidManifest.xml:21:9-57
47-->[:map_launcher] AndroidManifest.xml:21:18-54
48        <package android:name="com.tencent.map" />
48-->[:map_launcher] AndroidManifest.xml:22:9-51
48-->[:map_launcher] AndroidManifest.xml:22:18-48
49        <package android:name="com.here.app.maps" />
49-->[:map_launcher] AndroidManifest.xml:23:9-53
49-->[:map_launcher] AndroidManifest.xml:23:18-50
50        <package android:name="com.huawei.maps.app" />
50-->[:map_launcher] AndroidManifest.xml:24:9-55
50-->[:map_launcher] AndroidManifest.xml:24:18-52
51    </queries>
52
53    <uses-permission android:name="android.permission.WAKE_LOCK" />
53-->[com.google.firebase:firebase-messaging:23.1.2] AndroidManifest.xml:26:5-68
53-->[com.google.firebase:firebase-messaging:23.1.2] AndroidManifest.xml:26:22-65
54    <uses-permission android:name="com.google.android.gms.permission.AD_ID" />
54-->[com.google.android.gms:play-services-measurement-api:21.2.2] AndroidManifest.xml:25:5-79
54-->[com.google.android.gms:play-services-measurement-api:21.2.2] AndroidManifest.xml:25:22-76
55    <uses-permission android:name="com.google.android.finsky.permission.BIND_GET_INSTALL_REFERRER_SERVICE" />
55-->[com.google.android.gms:play-services-measurement:21.2.2] AndroidManifest.xml:26:5-110
55-->[com.google.android.gms:play-services-measurement:21.2.2] AndroidManifest.xml:26:22-107
56
57    <permission
57-->[androidx.core:core:1.9.0] AndroidManifest.xml:22:5-24:47
58        android:name="com.frontend.vending.DYNAMIC_RECEIVER_NOT_EXPORTED_PERMISSION"
58-->[androidx.core:core:1.9.0] AndroidManifest.xml:23:9-81
59        android:protectionLevel="signature" />
59-->[androidx.core:core:1.9.0] AndroidManifest.xml:24:9-44
60
61    <uses-permission android:name="com.frontend.vending.DYNAMIC_RECEIVER_NOT_EXPORTED_PERMISSION" /> <!-- Don't require camera, as this requires a rear camera. This allows it to work on the Nexus 7 -->
61-->[androidx.core:core:1.9.0] AndroidManifest.xml:26:5-97
61-->[androidx.core:core:1.9.0] AndroidManifest.xml:26:22-94
62    <uses-feature
62-->[com.journeyapps:zxing-android-embedded:4.3.0] AndroidManifest.xml:25:5-27:36
63        android:name="android.hardware.camera"
63-->[com.journeyapps:zxing-android-embedded:4.3.0] AndroidManifest.xml:26:9-47
64        android:required="false" />
64-->[com.journeyapps:zxing-android-embedded:4.3.0] AndroidManifest.xml:27:9-33
65    <uses-feature
65-->[com.journeyapps:zxing-android-embedded:4.3.0] AndroidManifest.xml:28:5-30:36
66        android:name="android.hardware.camera.front"
66-->[com.journeyapps:zxing-android-embedded:4.3.0] AndroidManifest.xml:29:9-53
67        android:required="false" /> <!-- TODO replace above two with next line after Android 4.2 -->
67-->[com.journeyapps:zxing-android-embedded:4.3.0] AndroidManifest.xml:30:9-33
68    <!-- <uses-feature android:name="android.hardware.camera.any"/> -->
69    <uses-feature
69-->[com.journeyapps:zxing-android-embedded:4.3.0] AndroidManifest.xml:33:5-35:36
70        android:name="android.hardware.camera.autofocus"
70-->[com.journeyapps:zxing-android-embedded:4.3.0] AndroidManifest.xml:34:9-57
71        android:required="false" />
71-->[com.journeyapps:zxing-android-embedded:4.3.0] AndroidManifest.xml:35:9-33
72    <uses-feature
72-->[com.journeyapps:zxing-android-embedded:4.3.0] AndroidManifest.xml:36:5-38:36
73        android:name="android.hardware.camera.flash"
73-->[com.journeyapps:zxing-android-embedded:4.3.0] AndroidManifest.xml:37:9-53
74        android:required="false" />
74-->[com.journeyapps:zxing-android-embedded:4.3.0] AndroidManifest.xml:38:9-33
75    <uses-feature
75-->[com.journeyapps:zxing-android-embedded:4.3.0] AndroidManifest.xml:39:5-41:36
76        android:name="android.hardware.screen.landscape"
76-->[com.journeyapps:zxing-android-embedded:4.3.0] AndroidManifest.xml:40:9-57
77        android:required="false" />
77-->[com.journeyapps:zxing-android-embedded:4.3.0] AndroidManifest.xml:41:9-33
78    <uses-feature
78-->[com.journeyapps:zxing-android-embedded:4.3.0] AndroidManifest.xml:42:5-44:36
79        android:name="android.hardware.wifi"
79-->[com.journeyapps:zxing-android-embedded:4.3.0] AndroidManifest.xml:43:9-45
80        android:required="false" /> <!-- for android -->
80-->[com.journeyapps:zxing-android-embedded:4.3.0] AndroidManifest.xml:44:9-33
81    <!-- <uses-permission android:name="com.android.launcher.permission.READ_SETTINGS"/> -->
82    <!-- <uses-permission android:name="com.android.launcher.permission.WRITE_SETTINGS"/> -->
83    <!-- <uses-permission android:name="com.android.launcher.permission.INSTALL_SHORTCUT" /> -->
84    <!-- <uses-permission android:name="com.android.launcher.permission.UNINSTALL_SHORTCUT" /> -->
85    <!-- for Samsung -->
86    <uses-permission android:name="com.sec.android.provider.badge.permission.READ" />
86-->[me.leolin:ShortcutBadger:1.1.22] AndroidManifest.xml:19:5-86
86-->[me.leolin:ShortcutBadger:1.1.22] AndroidManifest.xml:19:22-83
87    <uses-permission android:name="com.sec.android.provider.badge.permission.WRITE" /> <!-- for htc -->
87-->[me.leolin:ShortcutBadger:1.1.22] AndroidManifest.xml:20:5-87
87-->[me.leolin:ShortcutBadger:1.1.22] AndroidManifest.xml:20:22-84
88    <uses-permission android:name="com.htc.launcher.permission.READ_SETTINGS" />
88-->[me.leolin:ShortcutBadger:1.1.22] AndroidManifest.xml:23:5-81
88-->[me.leolin:ShortcutBadger:1.1.22] AndroidManifest.xml:23:22-78
89    <uses-permission android:name="com.htc.launcher.permission.UPDATE_SHORTCUT" /> <!-- for sony -->
89-->[me.leolin:ShortcutBadger:1.1.22] AndroidManifest.xml:24:5-83
89-->[me.leolin:ShortcutBadger:1.1.22] AndroidManifest.xml:24:22-80
90    <uses-permission android:name="com.sonyericsson.home.permission.BROADCAST_BADGE" />
90-->[me.leolin:ShortcutBadger:1.1.22] AndroidManifest.xml:27:5-88
90-->[me.leolin:ShortcutBadger:1.1.22] AndroidManifest.xml:27:22-85
91    <uses-permission android:name="com.sonymobile.home.permission.PROVIDER_INSERT_BADGE" /> <!-- for apex -->
91-->[me.leolin:ShortcutBadger:1.1.22] AndroidManifest.xml:28:5-92
91-->[me.leolin:ShortcutBadger:1.1.22] AndroidManifest.xml:28:22-89
92    <uses-permission android:name="com.anddoes.launcher.permission.UPDATE_COUNT" /> <!-- for solid -->
92-->[me.leolin:ShortcutBadger:1.1.22] AndroidManifest.xml:31:5-84
92-->[me.leolin:ShortcutBadger:1.1.22] AndroidManifest.xml:31:22-81
93    <uses-permission android:name="com.majeur.launcher.permission.UPDATE_BADGE" /> <!-- for huawei -->
93-->[me.leolin:ShortcutBadger:1.1.22] AndroidManifest.xml:34:5-83
93-->[me.leolin:ShortcutBadger:1.1.22] AndroidManifest.xml:34:22-80
94    <uses-permission android:name="com.huawei.android.launcher.permission.CHANGE_BADGE" />
94-->[me.leolin:ShortcutBadger:1.1.22] AndroidManifest.xml:37:5-91
94-->[me.leolin:ShortcutBadger:1.1.22] AndroidManifest.xml:37:22-88
95    <uses-permission android:name="com.huawei.android.launcher.permission.READ_SETTINGS" />
95-->[me.leolin:ShortcutBadger:1.1.22] AndroidManifest.xml:38:5-92
95-->[me.leolin:ShortcutBadger:1.1.22] AndroidManifest.xml:38:22-89
96    <uses-permission android:name="com.huawei.android.launcher.permission.WRITE_SETTINGS" /> <!-- for ZUK -->
96-->[me.leolin:ShortcutBadger:1.1.22] AndroidManifest.xml:39:5-93
96-->[me.leolin:ShortcutBadger:1.1.22] AndroidManifest.xml:39:22-90
97    <uses-permission android:name="android.permission.READ_APP_BADGE" /> <!-- for OPPO -->
97-->[me.leolin:ShortcutBadger:1.1.22] AndroidManifest.xml:42:5-73
97-->[me.leolin:ShortcutBadger:1.1.22] AndroidManifest.xml:42:22-70
98    <uses-permission android:name="com.oppo.launcher.permission.READ_SETTINGS" />
98-->[me.leolin:ShortcutBadger:1.1.22] AndroidManifest.xml:45:5-82
98-->[me.leolin:ShortcutBadger:1.1.22] AndroidManifest.xml:45:22-79
99    <uses-permission android:name="com.oppo.launcher.permission.WRITE_SETTINGS" /> <!-- for EvMe -->
99-->[me.leolin:ShortcutBadger:1.1.22] AndroidManifest.xml:46:5-83
99-->[me.leolin:ShortcutBadger:1.1.22] AndroidManifest.xml:46:22-80
100    <uses-permission android:name="me.everything.badger.permission.BADGE_COUNT_READ" />
100-->[me.leolin:ShortcutBadger:1.1.22] AndroidManifest.xml:49:5-88
100-->[me.leolin:ShortcutBadger:1.1.22] AndroidManifest.xml:49:22-85
101    <uses-permission android:name="me.everything.badger.permission.BADGE_COUNT_WRITE" />
101-->[me.leolin:ShortcutBadger:1.1.22] AndroidManifest.xml:50:5-89
101-->[me.leolin:ShortcutBadger:1.1.22] AndroidManifest.xml:50:22-86
102
103    <application
104        android:name="android.app.Application"
105        android:appComponentFactory="androidx.core.app.CoreComponentFactory"
105-->[androidx.core:core:1.9.0] AndroidManifest.xml:28:18-86
106        android:debuggable="true"
107        android:extractNativeLibs="false"
108        android:icon="@mipmap/ic_launcher"
109        android:label="standart_project" >
110        <activity
111            android:name="com.frontend.vending.MainActivity"
112            android:configChanges="orientation|keyboardHidden|keyboard|screenSize|smallestScreenSize|locale|layoutDirection|fontScale|screenLayout|density|uiMode"
113            android:exported="true"
114            android:hardwareAccelerated="true"
115            android:launchMode="singleTop"
116            android:theme="@style/LaunchTheme"
117            android:windowSoftInputMode="adjustResize" >
118
119            <!--
120                 Specifies an Android theme to apply to this Activity as soon as
121                 the Android process has started. This theme is visible to the user
122                 while the Flutter UI initializes. After that, this theme continues
123                 to determine the Window background behind the Flutter UI.
124            -->
125            <meta-data
126                android:name="io.flutter.embedding.android.NormalTheme"
127                android:resource="@style/NormalTheme" />
128
129            <intent-filter>
130                <action android:name="android.intent.action.MAIN" />
131
132                <category android:name="android.intent.category.LAUNCHER" />
133            </intent-filter>
134            <intent-filter>
135                <action android:name="FLUTTER_NOTIFICATION_CLICK" />
136
137                <category android:name="android.intent.category.DEFAULT" />
137-->[:awesome_notifications] AndroidManifest.xml:29:17-76
137-->[:awesome_notifications] AndroidManifest.xml:29:27-73
138            </intent-filter>
139        </activity>
140
141        <service
142            android:name="com.dexterous.flutterlocalnotifications.ForegroundService"
143            android:exported="false"
144            android:stopWithTask="false" />
145        <!--
146             Don't delete the meta-data below.
147             This is used by the Flutter tool to generate GeneratedPluginRegistrant.java
148        -->
149        <meta-data
150            android:name="com.google.firebase.messaging.default_notification_channel_id"
151            android:value="high_importance_channel" />
152        <meta-data
153            android:name="flutterEmbedding"
154            android:value="2" />
155        <meta-data
155-->[:awesome_notifications_fcm] AndroidManifest.xml:14:9-16:36
156            android:name="firebase_messaging_auto_init_enabled"
156-->[:awesome_notifications_fcm] AndroidManifest.xml:15:13-64
157            android:value="true" />
157-->[:awesome_notifications_fcm] AndroidManifest.xml:16:13-33
158        <meta-data
158-->[:awesome_notifications_fcm] AndroidManifest.xml:17:9-19:36
159            android:name="delivery_metrics_exported_to_big_query_enabled"
159-->[:awesome_notifications_fcm] AndroidManifest.xml:18:13-74
160            android:value="true" />
160-->[:awesome_notifications_fcm] AndroidManifest.xml:19:13-33
161
162        <receiver
162-->[:awesome_notifications_fcm] AndroidManifest.xml:21:9-29:20
163            android:name="me.carda.awesome_notifications_fcm.core.services.BootBroadcastReceiver"
163-->[:awesome_notifications_fcm] AndroidManifest.xml:22:13-98
164            android:exported="true" >
164-->[:awesome_notifications_fcm] AndroidManifest.xml:23:13-36
165            <intent-filter>
165-->[:awesome_notifications_fcm] AndroidManifest.xml:24:13-28:29
166                <action android:name="android.intent.action.BOOT_COMPLETED" />
166-->[:awesome_notifications_fcm] AndroidManifest.xml:25:17-79
166-->[:awesome_notifications_fcm] AndroidManifest.xml:25:25-76
167
168                <category android:name="android.intent.category.HOME" />
168-->[:awesome_notifications_fcm] AndroidManifest.xml:27:17-73
168-->[:awesome_notifications_fcm] AndroidManifest.xml:27:27-70
169            </intent-filter>
170        </receiver>
171
172        <service
172-->[:awesome_notifications_fcm] AndroidManifest.xml:31:9-38:19
173            android:name="me.carda.awesome_notifications_fcm.DartFcmService"
173-->[:awesome_notifications_fcm] AndroidManifest.xml:32:13-77
174            android:directBootAware="true"
174-->[:awesome_notifications_fcm] AndroidManifest.xml:33:13-43
175            android:exported="false" >
175-->[:awesome_notifications_fcm] AndroidManifest.xml:34:13-37
176            <intent-filter>
176-->[:awesome_notifications_fcm] AndroidManifest.xml:35:13-37:29
177                <action android:name="com.google.firebase.MESSAGING_EVENT" />
177-->[:awesome_notifications_fcm] AndroidManifest.xml:36:17-78
177-->[:awesome_notifications_fcm] AndroidManifest.xml:36:25-75
178            </intent-filter>
179        </service>
180        <service
180-->[:cloud_firestore] AndroidManifest.xml:10:9-14:19
181            android:name="com.google.firebase.components.ComponentDiscoveryService"
181-->[:cloud_firestore] AndroidManifest.xml:10:18-89
182            android:directBootAware="true"
182-->[com.google.firebase:firebase-common:20.3.2] AndroidManifest.xml:34:13-43
183            android:exported="false" >
183-->[com.google.firebase:firebase-firestore:24.5.0] AndroidManifest.xml:18:13-37
184            <meta-data
184-->[:cloud_firestore] AndroidManifest.xml:11:13-13:85
185                android:name="com.google.firebase.components:io.flutter.plugins.firebase.firestore.FlutterFirebaseFirestoreRegistrar"
185-->[:cloud_firestore] AndroidManifest.xml:12:17-134
186                android:value="com.google.firebase.components.ComponentRegistrar" />
186-->[:cloud_firestore] AndroidManifest.xml:13:17-82
187            <meta-data
187-->[:firebase_core] AndroidManifest.xml:11:13-13:85
188                android:name="com.google.firebase.components:io.flutter.plugins.firebase.core.FlutterFirebaseCoreRegistrar"
188-->[:firebase_core] AndroidManifest.xml:12:17-124
189                android:value="com.google.firebase.components.ComponentRegistrar" />
189-->[:firebase_core] AndroidManifest.xml:13:17-82
190            <meta-data
190-->[com.google.firebase:firebase-firestore:24.5.0] AndroidManifest.xml:19:13-21:85
191                android:name="com.google.firebase.components:com.google.firebase.firestore.FirestoreRegistrar"
191-->[com.google.firebase:firebase-firestore:24.5.0] AndroidManifest.xml:20:17-111
192                android:value="com.google.firebase.components.ComponentRegistrar" />
192-->[com.google.firebase:firebase-firestore:24.5.0] AndroidManifest.xml:21:17-82
193            <meta-data
193-->[com.google.firebase:firebase-messaging:23.1.2] AndroidManifest.xml:55:13-57:85
194                android:name="com.google.firebase.components:com.google.firebase.messaging.FirebaseMessagingRegistrar"
194-->[com.google.firebase:firebase-messaging:23.1.2] AndroidManifest.xml:56:17-119
195                android:value="com.google.firebase.components.ComponentRegistrar" />
195-->[com.google.firebase:firebase-messaging:23.1.2] AndroidManifest.xml:57:17-82
196            <meta-data
196-->[com.google.android.gms:play-services-measurement-api:21.2.2] AndroidManifest.xml:31:13-33:85
197                android:name="com.google.firebase.components:com.google.firebase.analytics.connector.internal.AnalyticsConnectorRegistrar"
197-->[com.google.android.gms:play-services-measurement-api:21.2.2] AndroidManifest.xml:32:17-139
198                android:value="com.google.firebase.components.ComponentRegistrar" />
198-->[com.google.android.gms:play-services-measurement-api:21.2.2] AndroidManifest.xml:33:17-82
199            <meta-data
199-->[com.google.firebase:firebase-datatransport:18.1.7] AndroidManifest.xml:27:13-29:85
200                android:name="com.google.firebase.components:com.google.firebase.datatransport.TransportRegistrar"
200-->[com.google.firebase:firebase-datatransport:18.1.7] AndroidManifest.xml:28:17-115
201                android:value="com.google.firebase.components.ComponentRegistrar" />
201-->[com.google.firebase:firebase-datatransport:18.1.7] AndroidManifest.xml:29:17-82
202            <meta-data
202-->[com.google.firebase:firebase-installations:17.1.3] AndroidManifest.xml:17:13-19:85
203                android:name="com.google.firebase.components:com.google.firebase.installations.FirebaseInstallationsRegistrar"
203-->[com.google.firebase:firebase-installations:17.1.3] AndroidManifest.xml:18:17-127
204                android:value="com.google.firebase.components.ComponentRegistrar" />
204-->[com.google.firebase:firebase-installations:17.1.3] AndroidManifest.xml:19:17-82
205        </service>
206        <service
206-->[:geolocator_android] AndroidManifest.xml:12:9-16:56
207            android:name="com.baseflow.geolocator.GeolocatorLocationService"
207-->[:geolocator_android] AndroidManifest.xml:13:13-77
208            android:enabled="true"
208-->[:geolocator_android] AndroidManifest.xml:14:13-35
209            android:exported="false"
209-->[:geolocator_android] AndroidManifest.xml:15:13-37
210            android:foregroundServiceType="location" />
210-->[:geolocator_android] AndroidManifest.xml:16:13-53
211
212        <receiver
212-->[:awesome_notifications] AndroidManifest.xml:15:9-17:39
213            android:name="me.carda.awesome_notifications.DartNotificationActionReceiver"
213-->[:awesome_notifications] AndroidManifest.xml:16:13-89
214            android:exported="true" />
214-->[:awesome_notifications] AndroidManifest.xml:17:13-36
215        <receiver
215-->[:awesome_notifications] AndroidManifest.xml:18:9-20:39
216            android:name="me.carda.awesome_notifications.DartDismissedNotificationReceiver"
216-->[:awesome_notifications] AndroidManifest.xml:19:13-92
217            android:exported="true" />
217-->[:awesome_notifications] AndroidManifest.xml:20:13-36
218        <receiver
218-->[:awesome_notifications] AndroidManifest.xml:21:9-23:39
219            android:name="me.carda.awesome_notifications.DartScheduledNotificationReceiver"
219-->[:awesome_notifications] AndroidManifest.xml:22:13-92
220            android:exported="true" />
220-->[:awesome_notifications] AndroidManifest.xml:23:13-36
221        <receiver
221-->[:awesome_notifications] AndroidManifest.xml:24:9-38:20
222            android:name="me.carda.awesome_notifications.DartRefreshSchedulesReceiver"
222-->[:awesome_notifications] AndroidManifest.xml:25:13-87
223            android:enabled="true"
223-->[:awesome_notifications] AndroidManifest.xml:26:13-35
224            android:exported="true" >
224-->[:awesome_notifications] AndroidManifest.xml:27:13-36
225            <intent-filter>
225-->[:awesome_notifications] AndroidManifest.xml:28:13-37:29
226                <category android:name="android.intent.category.DEFAULT" />
226-->[:awesome_notifications] AndroidManifest.xml:29:17-76
226-->[:awesome_notifications] AndroidManifest.xml:29:27-73
227
228                <action android:name="android.intent.action.BOOT_COMPLETED" />
228-->[:awesome_notifications_fcm] AndroidManifest.xml:25:17-79
228-->[:awesome_notifications_fcm] AndroidManifest.xml:25:25-76
229                <action android:name="android.intent.action.LOCKED_BOOT_COMPLETED" />
229-->[:awesome_notifications] AndroidManifest.xml:32:17-86
229-->[:awesome_notifications] AndroidManifest.xml:32:25-83
230                <action android:name="android.intent.action.MY_PACKAGE_REPLACED" />
230-->[:awesome_notifications] AndroidManifest.xml:33:17-84
230-->[:awesome_notifications] AndroidManifest.xml:33:25-81
231                <action android:name="android.intent.action.QUICKBOOT_POWERON" />
231-->[:awesome_notifications] AndroidManifest.xml:34:17-82
231-->[:awesome_notifications] AndroidManifest.xml:34:25-79
232                <action android:name="com.htc.intent.action.QUICKBOOT_POWERON" />
232-->[:awesome_notifications] AndroidManifest.xml:35:17-82
232-->[:awesome_notifications] AndroidManifest.xml:35:25-79
233                <action android:name="android.app.action.SCHEDULE_EXACT_ALARM_PERMISSION_STATE_CHANGED" />
233-->[:awesome_notifications] AndroidManifest.xml:36:17-107
233-->[:awesome_notifications] AndroidManifest.xml:36:25-104
234            </intent-filter>
235        </receiver>
236
237        <service
237-->[:awesome_notifications] AndroidManifest.xml:40:9-43:72
238            android:name="me.carda.awesome_notifications.DartBackgroundService"
238-->[:awesome_notifications] AndroidManifest.xml:41:13-80
239            android:exported="false"
239-->[:awesome_notifications] AndroidManifest.xml:42:13-37
240            android:permission="android.permission.BIND_JOB_SERVICE" />
240-->[:awesome_notifications] AndroidManifest.xml:43:13-69
241        <service
241-->[:awesome_notifications] AndroidManifest.xml:44:9-49:43
242            android:name="me.carda.awesome_notifications.core.services.ForegroundService"
242-->[:awesome_notifications] AndroidManifest.xml:45:13-90
243            android:enabled="true"
243-->[:awesome_notifications] AndroidManifest.xml:46:13-35
244            android:exported="false"
244-->[:awesome_notifications] AndroidManifest.xml:47:13-37
245            android:foregroundServiceType="phoneCall"
245-->[:awesome_notifications] AndroidManifest.xml:48:13-54
246            android:stopWithTask="true" />
246-->[:awesome_notifications] AndroidManifest.xml:49:13-40
247
248        <activity
248-->[:url_launcher_android] AndroidManifest.xml:10:9-13:74
249            android:name="io.flutter.plugins.urllauncher.WebViewActivity"
249-->[:url_launcher_android] AndroidManifest.xml:11:13-74
250            android:exported="false"
250-->[:url_launcher_android] AndroidManifest.xml:12:13-37
251            android:theme="@android:style/Theme.NoTitleBar.Fullscreen" />
251-->[:url_launcher_android] AndroidManifest.xml:13:13-71
252
253        <service
253-->[me.carda:fcmandroidcore:0.7.6] AndroidManifest.xml:10:9-13:72
254            android:name="me.carda.awesome_notifications_fcm.core.services.FcmSilentService"
254-->[me.carda:fcmandroidcore:0.7.6] AndroidManifest.xml:11:13-93
255            android:exported="false"
255-->[me.carda:fcmandroidcore:0.7.6] AndroidManifest.xml:12:13-37
256            android:permission="android.permission.BIND_JOB_SERVICE" />
256-->[me.carda:fcmandroidcore:0.7.6] AndroidManifest.xml:13:13-69
257
258        <activity
258-->[pub.devrel:easypermissions:3.0.0] AndroidManifest.xml:12:9-16:66
259            android:name="pub.devrel.easypermissions.AppSettingsDialogHolderActivity"
259-->[pub.devrel:easypermissions:3.0.0] AndroidManifest.xml:13:13-86
260            android:exported="false"
260-->[pub.devrel:easypermissions:3.0.0] AndroidManifest.xml:14:13-37
261            android:label=""
261-->[pub.devrel:easypermissions:3.0.0] AndroidManifest.xml:15:13-29
262            android:theme="@style/EasyPermissions.Transparent" />
262-->[pub.devrel:easypermissions:3.0.0] AndroidManifest.xml:16:13-63
263
264        <receiver
264-->[com.google.firebase:firebase-messaging:23.1.2] AndroidManifest.xml:31:9-38:20
265            android:name="com.google.firebase.iid.FirebaseInstanceIdReceiver"
265-->[com.google.firebase:firebase-messaging:23.1.2] AndroidManifest.xml:32:13-78
266            android:exported="true"
266-->[com.google.firebase:firebase-messaging:23.1.2] AndroidManifest.xml:33:13-36
267            android:permission="com.google.android.c2dm.permission.SEND" >
267-->[com.google.firebase:firebase-messaging:23.1.2] AndroidManifest.xml:34:13-73
268            <intent-filter>